[2/26] /usr/local/cuda/bin/nvcc --generate-dependencies-with-compile --dependency-output /home/users/chenquanlin/workspace/operator/FlashMLA/build/temp.linux-x86_64-cpython-312/csrc/sm100/prefill/sparse/bwd/head64/instantiations/phase1_k512.o.d -I/home/users/chenquanlin/workspace/operator/FlashMLA/csrc -I/home/users/chenquanlin/workspace/operator/FlashMLA/csrc/kerutils/include -I/home/users/chenquanlin/workspace/operator/FlashMLA/csrc/sm90 -I/home/users/chenquanlin/workspace/operator/FlashMLA/csrc/cutlass/include -I/home/users/chenquanlin/workspace/operator/FlashMLA/csrc/cutlass/tools/util/include -I/usr/local/lib/python3.12/dist-packages/torch/include -I/usr/local/lib/python3.12/dist-packages/torch/include/torch/csrc/api/include -I/usr/local/cuda/include -I/usr/include/python3.12 -c -c /home/users/chenquanlin/workspace/operator/FlashMLA/csrc/sm100/prefill/sparse/bwd/head64/instantiations/phase1_k512.cu -o /home/users/chenquanlin/workspace/operator/FlashMLA/build/temp.linux-x86_64-cpython-312/csrc/sm100/prefill/sparse/bwd/head64/instantiations/phase1_k512.o -D__CUDA_NO_HALF_OPERATORS__ -D__CUDA_NO_HALF_CONVERSIONS__ -D__CUDA_NO_BFLOAT16_CONVERSIONS__ -D__CUDA_NO_HALF2_OPERATORS__ --expt-relaxed-constexpr --compiler-options ''"'"'-fPIC'"'"'' -O3 -std=c++20 -DNDEBUG -D_USE_MATH_DEFINES -Wno-deprecated-declarations -U__CUDA_NO_HALF_OPERATORS__ -U__CUDA_NO_HALF_CONVERSIONS__ -U__CUDA_NO_HALF2_OPERATORS__ -U__CUDA_NO_BFLOAT16_CONVERSIONS__ --expt-relaxed-constexpr --expt-extended-lambda --use_fast_math --ptxas-options=-v,--register-usage-level=10,--warn-on-spills,--warn-on-local-memory-usage,--warn-on-double-precision-use -lineinfo --source-in-ptx -gencode arch=compute_100f,code=sm_100f -gencode arch=compute_90a,code=sm_90a --threads 32 -DTORCH_API_INCLUDE_EXTENSION_H '-DPYBIND11_COMPILER_TYPE="_gcc"' '-DPYBIND11_STDLIB="_libstdcpp"' '-DPYBIND11_BUILD_ABI="_cxxabi1016"' -DTORCH_EXTENSION_NAME=cuda
    FAILED: /home/users/chenquanlin/workspace/operator/FlashMLA/build/temp.linux-x86_64-cpython-312/csrc/sm100/prefill/sparse/bwd/head64/instantiations/phase1_k512.o
    /usr/local/cuda/bin/nvcc --generate-dependencies-with-compile --dependency-output /home/users/chenquanlin/workspace/operator/FlashMLA/build/temp.linux-x86_64-cpython-312/csrc/sm100/prefill/sparse/bwd/head64/instantiations/phase1_k512.o.d -I/home/users/chenquanlin/workspace/operator/FlashMLA/csrc -I/home/users/chenquanlin/workspace/operator/FlashMLA/csrc/kerutils/include -I/home/users/chenquanlin/workspace/operator/FlashMLA/csrc/sm90 -I/home/users/chenquanlin/workspace/operator/FlashMLA/csrc/cutlass/include -I/home/users/chenquanlin/workspace/operator/FlashMLA/csrc/cutlass/tools/util/include -I/usr/local/lib/python3.12/dist-packages/torch/include -I/usr/local/lib/python3.12/dist-packages/torch/include/torch/csrc/api/include -I/usr/local/cuda/include -I/usr/include/python3.12 -c -c /home/users/chenquanlin/workspace/operator/FlashMLA/csrc/sm100/prefill/sparse/bwd/head64/instantiations/phase1_k512.cu -o /home/users/chenquanlin/workspace/operator/FlashMLA/build/temp.linux-x86_64-cpython-312/csrc/sm100/prefill/sparse/bwd/head64/instantiations/phase1_k512.o -D__CUDA_NO_HALF_OPERATORS__ -D__CUDA_NO_HALF_CONVERSIONS__ -D__CUDA_NO_BFLOAT16_CONVERSIONS__ -D__CUDA_NO_HALF2_OPERATORS__ --expt-relaxed-constexpr --compiler-options ''"'"'-fPIC'"'"'' -O3 -std=c++20 -DNDEBUG -D_USE_MATH_DEFINES -Wno-deprecated-declarations -U__CUDA_NO_HALF_OPERATORS__ -U__CUDA_NO_HALF_CONVERSIONS__ -U__CUDA_NO_HALF2_OPERATORS__ -U__CUDA_NO_BFLOAT16_CONVERSIONS__ --expt-relaxed-constexpr --expt-extended-lambda --use_fast_math --ptxas-options=-v,--register-usage-level=10,--warn-on-spills,--warn-on-local-memory-usage,--warn-on-double-precision-use -lineinfo --source-in-ptx -gencode arch=compute_100f,code=sm_100f -gencode arch=compute_90a,code=sm_90a --threads 32 -DTORCH_API_INCLUDE_EXTENSION_H '-DPYBIND11_COMPILER_TYPE="_gcc"' '-DPYBIND11_STDLIB="_libstdcpp"' '-DPYBIND11_BUILD_ABI="_cxxabi1016"' -DTORCH_EXTENSION_NAME=cuda
    /home/users/chenquanlin/workspace/operator/FlashMLA/csrc/kerutils/include/kerutils/device/sm100/gemm.cuh(116): error: static assertion failed with "SM100_MMA_F16BF16_WS_SS_NOELECT N-mode size should be 32, 64 or 128"
        static_assert(N == 64 || N == 128 || N == 256,
        ^
              detected during instantiation of class "cute::SM100_MMA_F16BF16_WS_SS_NOELECT<a_type, b_type, c_type, M, N, a_major, b_major, a_neg, b_neg> [with a_type=bf16, b_type=bf16, c_type=float, M=64, N=32, a_major=cute::UMMA::Major::K, b_major=cute::UMMA::Major::MN, a_neg=cute::UMMA::ScaleIn::One, b_neg=cute::UMMA::ScaleIn::One]" at line 256 of /home/users/chenquanlin/workspace/operator/FlashMLA/csrc/sm100/prefill/sparse/bwd/head64/instantiations/../config.h

    /home/users/chenquanlin/workspace/operator/FlashMLA/csrc/kerutils/include/kerutils/device/sm100/gemm.cuh(116): error: static assertion failed with "SM100_MMA_F16BF16_WS_SS_NOELECT N-mode size should be 32, 64 or 128"
        static_assert(N == 64 || N == 128 || N == 256,
        ^
              detected during instantiation of class "cute::SM100_MMA_F16BF16_WS_SS_NOELECT<a_type, b_type, c_type, M, N, a_major, b_major, a_neg, b_neg> [with a_type=bf16, b_type=bf16, c_type=float, M=32, N=512, a_major=cute::UMMA::Major::MN, b_major=cute::UMMA::Major::K, a_neg=cute::UMMA::ScaleIn::One, b_neg=cute::UMMA::ScaleIn::One]" at line 265 of /home/users/chenquanlin/workspace/operator/FlashMLA/csrc/sm100/prefill/sparse/bwd/head64/instantiations/../config.h

    /home/users/chenquanlin/workspace/operator/FlashMLA/csrc/kerutils/include/kerutils/device/sm100/gemm.cuh(116): error: static assertion failed with "SM100_MMA_F16BF16_WS_SS_NOELECT N-mode size should be 32, 64 or 128"
        static_assert(N == 64 || N == 128 || N == 256,
        ^
              detected during instantiation of class "cute::SM100_MMA_F16BF16_WS_SS_NOELECT<a_type, b_type, c_type, M, N, a_major, b_major, a_neg, b_neg> [with a_type=bf16, b_type=bf16, c_type=float, M=64, N=512, a_major=cute::UMMA::Major::K, b_major=cute::UMMA::Major::K, a_neg=cute::UMMA::ScaleIn::One, b_neg=cute::UMMA::ScaleIn::One]" at line 283 of /home/users/chenquanlin/workspace/operator/FlashMLA/csrc/sm100/prefill/sparse/bwd/head64/instantiations/../config.h

    3 errors detected in the compilation of "/home/users/chenquanlin/workspace/operator/FlashMLA/csrc/sm100/prefill/sparse/bwd/head64/instantiations/phase1_k512.cu".
    [3/26] /usr/local/cuda/bin/nvcc --generate-dependencies-with-compile --dependency-output /home/users/chenquanlin/workspace/operator/FlashMLA/build/temp.linux-x86_64-cpython-312/csrc/sm100/prefill/sparse/bwd/head64/instantiations/phase1_k576.o.d -I/home/users/chenquanlin/workspace/operator/FlashMLA/csrc -I/home/users/chenquanlin/workspace/operator/FlashMLA/csrc/kerutils/include -I/home/users/chenquanlin/workspace/operator/FlashMLA/csrc/sm90 -I/home/users/chenquanlin/workspace/operator/FlashMLA/csrc/cutlass/include -I/home/users/chenquanlin/workspace/operator/FlashMLA/csrc/cutlass/tools/util/include -I/usr/local/lib/python3.12/dist-packages/torch/include -I/usr/local/lib/python3.12/dist-packages/torch/include/torch/csrc/api/include -I/usr/local/cuda/include -I/usr/include/python3.12 -c -c /home/users/chenquanlin/workspace/operator/FlashMLA/csrc/sm100/prefill/sparse/bwd/head64/instantiations/phase1_k576.cu -o /home/users/chenquanlin/workspace/operator/FlashMLA/build/temp.linux-x86_64-cpython-312/csrc/sm100/prefill/sparse/bwd/head64/instantiations/phase1_k576.o -D__CUDA_NO_HALF_OPERATORS__ -D__CUDA_NO_HALF_CONVERSIONS__ -D__CUDA_NO_BFLOAT16_CONVERSIONS__ -D__CUDA_NO_HALF2_OPERATORS__ --expt-relaxed-constexpr --compiler-options ''"'"'-fPIC'"'"'' -O3 -std=c++20 -DNDEBUG -D_USE_MATH_DEFINES -Wno-deprecated-declarations -U__CUDA_NO_HALF_OPERATORS__ -U__CUDA_NO_HALF_CONVERSIONS__ -U__CUDA_NO_HALF2_OPERATORS__ -U__CUDA_NO_BFLOAT16_CONVERSIONS__ --expt-relaxed-constexpr --expt-extended-lambda --use_fast_math --ptxas-options=-v,--register-usage-level=10,--warn-on-spills,--warn-on-local-memory-usage,--warn-on-double-precision-use -lineinfo --source-in-ptx -gencode arch=compute_100f,code=sm_100f -gencode arch=compute_90a,code=sm_90a --threads 32 -DTORCH_API_INCLUDE_EXTENSION_H '-DPYBIND11_COMPILER_TYPE="_gcc"' '-DPYBIND11_STDLIB="_libstdcpp"' '-DPYBIND11_BUILD_ABI="_cxxabi1016"' -DTORCH_EXTENSION_NAME=cuda
    FAILED: /home/users/chenquanlin/workspace/operator/FlashMLA/build/temp.linux-x86_64-cpython-312/csrc/sm100/prefill/sparse/bwd/head64/instantiations/phase1_k576.o
    /usr/local/cuda/bin/nvcc --generate-dependencies-with-compile --dependency-output /home/users/chenquanlin/workspace/operator/FlashMLA/build/temp.linux-x86_64-cpython-312/csrc/sm100/prefill/sparse/bwd/head64/instantiations/phase1_k576.o.d -I/home/users/chenquanlin/workspace/operator/FlashMLA/csrc -I/home/users/chenquanlin/workspace/operator/FlashMLA/csrc/kerutils/include -I/home/users/chenquanlin/workspace/operator/FlashMLA/csrc/sm90 -I/home/users/chenquanlin/workspace/operator/FlashMLA/csrc/cutlass/include -I/home/users/chenquanlin/workspace/operator/FlashMLA/csrc/cutlass/tools/util/include -I/usr/local/lib/python3.12/dist-packages/torch/include -I/usr/local/lib/python3.12/dist-packages/torch/include/torch/csrc/api/include -I/usr/local/cuda/include -I/usr/include/python3.12 -c -c /home/users/chenquanlin/workspace/operator/FlashMLA/csrc/sm100/prefill/sparse/bwd/head64/instantiations/phase1_k576.cu -o /home/users/chenquanlin/workspace/operator/FlashMLA/build/temp.linux-x86_64-cpython-312/csrc/sm100/prefill/sparse/bwd/head64/instantiations/phase1_k576.o -D__CUDA_NO_HALF_OPERATORS__ -D__CUDA_NO_HALF_CONVERSIONS__ -D__CUDA_NO_BFLOAT16_CONVERSIONS__ -D__CUDA_NO_HALF2_OPERATORS__ --expt-relaxed-constexpr --compiler-options ''"'"'-fPIC'"'"'' -O3 -std=c++20 -DNDEBUG -D_USE_MATH_DEFINES -Wno-deprecated-declarations -U__CUDA_NO_HALF_OPERATORS__ -U__CUDA_NO_HALF_CONVERSIONS__ -U__CUDA_NO_HALF2_OPERATORS__ -U__CUDA_NO_BFLOAT16_CONVERSIONS__ --expt-relaxed-constexpr --expt-extended-lambda --use_fast_math --ptxas-options=-v,--register-usage-level=10,--warn-on-spills,--warn-on-local-memory-usage,--warn-on-double-precision-use -lineinfo --source-in-ptx -gencode arch=compute_100f,code=sm_100f -gencode arch=compute_90a,code=sm_90a --threads 32 -DTORCH_API_INCLUDE_EXTENSION_H '-DPYBIND11_COMPILER_TYPE="_gcc"' '-DPYBIND11_STDLIB="_libstdcpp"' '-DPYBIND11_BUILD_ABI="_cxxabi1016"' -DTORCH_EXTENSION_NAME=cuda
    /home/users/chenquanlin/workspace/operator/FlashMLA/csrc/kerutils/include/kerutils/device/sm100/gemm.cuh(116): error: static assertion failed with "SM100_MMA_F16BF16_WS_SS_NOELECT N-mode size should be 32, 64 or 128"
        static_assert(N == 64 || N == 128 || N == 256,
        ^
              detected during instantiation of class "cute::SM100_MMA_F16BF16_WS_SS_NOELECT<a_type, b_type, c_type, M, N, a_major, b_major, a_neg, b_neg> [with a_type=bf16, b_type=bf16, c_type=float, M=64, N=32, a_major=cute::UMMA::Major::K, b_major=cute::UMMA::Major::MN, a_neg=cute::UMMA::ScaleIn::One, b_neg=cute::UMMA::ScaleIn::One]" at line 256 of /home/users/chenquanlin/workspace/operator/FlashMLA/csrc/sm100/prefill/sparse/bwd/head64/instantiations/../config.h

    /home/users/chenquanlin/workspace/operator/FlashMLA/csrc/kerutils/include/kerutils/device/sm100/gemm.cuh(116): error: static assertion failed with "SM100_MMA_F16BF16_WS_SS_NOELECT N-mode size should be 32, 64 or 128"
        static_assert(N == 64 || N == 128 || N == 256,
        ^
              detected during instantiation of class "cute::SM100_MMA_F16BF16_WS_SS_NOELECT<a_type, b_type, c_type, M, N, a_major, b_major, a_neg, b_neg> [with a_type=bf16, b_type=bf16, c_type=float, M=32, N=512, a_major=cute::UMMA::Major::MN, b_major=cute::UMMA::Major::K, a_neg=cute::UMMA::ScaleIn::One, b_neg=cute::UMMA::ScaleIn::One]" at line 265 of /home/users/chenquanlin/workspace/operator/FlashMLA/csrc/sm100/prefill/sparse/bwd/head64/instantiations/../config.h

    /home/users/chenquanlin/workspace/operator/FlashMLA/csrc/kerutils/include/kerutils/device/sm100/gemm.cuh(116): error: static assertion failed with "SM100_MMA_F16BF16_WS_SS_NOELECT N-mode size should be 32, 64 or 128"
        static_assert(N == 64 || N == 128 || N == 256,
        ^
              detected during instantiation of class "cute::SM100_MMA_F16BF16_WS_SS_NOELECT<a_type, b_type, c_type, M, N, a_major, b_major, a_neg, b_neg> [with a_type=bf16, b_type=bf16, c_type=float, M=64, N=512, a_major=cute::UMMA::Major::K, b_major=cute::UMMA::Major::K, a_neg=cute::UMMA::ScaleIn::One, b_neg=cute::UMMA::ScaleIn::One]" at line 283 of /home/users/chenquanlin/workspace/operator/FlashMLA/csrc/sm100/prefill/sparse/bwd/head64/instantiations/../config.h

    3 errors detected in the compilation of "/home/users/chenquanlin/workspace/operator/FlashMLA/csrc/sm100/prefill/sparse/bwd/head64/instantiations/phase1_k576.cu".
